New chat room created with ID: 21
New chat room created with ID: 22
Room 21 deleted successfully.
Room 22 deleted successfully.
Message sent successfully to room 7.
User 3 successfully blocked by user 1
Message sent successfully to room 7.
Message sent successfully to room 7.
Attempt to login by user with email: dnm.minhduc@gmail.com
User with email: dnm.minhduc@gmail.com successfully logged in.
Attempt to login by user with email: dnm.minhduc@gmail.com
Incorrect login attempt for email: dnm.minhduc@gmail.com
Attempt to login by user with email: dnm.minhduc@gmail.com
Incorrect login attempt for email: dnm.minhduc@gmail.com
Attempt to login by user with email: dnm.minhduc@gmail.com
User with email: dnm.minhduc@gmail.com successfully logged in.
Attempt to login by user with email: dnm.minhduc@gmail.com
Attempt to login by user with email: dnm.minhduc@gmail.com
Attempt to login by user with email: dnm.minhduc@gmail.com
Attempt to login by user with email: dnm.minhduc@gmail.com
Attempt to login by user with email: dnm.minhduc@gmail.com
New chat room created with ID: 23
New chat room created with ID: 24
Message sent successfully to room 23.
New group chat room created with ID: 25
User 2 blocked successfully from room 1.
User 2 successfully blocked by user 1
User 2 successfully unblocked by user 1
Attempted to add user to non-group room.
Attempt to login by user with email: dnm.minhduc@gmail.com
Attempt to login by user with email: dnm.minhduc@gmail.com
Attempt to login by user with email: dnm.minhduc@gmail.com
Attempt to login by user with email: dnm.minhduc@gmail.com
